-------------------------------------------------------------------------------
Test set: com.hackerrank.stocktrades.ApplicationTests
-------------------------------------------------------------------------------
Tests run: 4, Failures: 0, Errors: 4, Skipped: 0, Time elapsed: 5.893 s <<< FAILURE! - in com.hackerrank.stocktrades.ApplicationTests
testNotAllowedMethod  Time elapsed: 0.002 s  <<< ERROR!
java.lang.IllegalStateException: Failed to load ApplicationContext
Caused by: org.springframework.beans.factory.BeanCreationException: 
Error creating bean with name 'requestMappingHandlerMapping' defined in class path resource [org/springframework/boot/autoconfigure/web/servlet/WebMvcAutoConfiguration$EnableWebMvcConfiguration.class]: Invocation of init method failed; nested exception is java.lang.IllegalStateException: Ambiguous mapping. Cannot map 'stockTradeRestController' method 
com.hackerrank.stocktrades.controller.StockTradeRestController#getStockTradeById(Integer)
to {GET /trades, produces [application/json]}: There is already 'stockTradeRestController' bean method
com.hackerrank.stocktrades.controller.StockTradeRestController#getStockTrades(String, Integer) mapped.
Caused by: java.lang.IllegalStateException: 
Ambiguous mapping. Cannot map 'stockTradeRestController' method 
com.hackerrank.stocktrades.controller.StockTradeRestController#getStockTradeById(Integer)
to {GET /trades, produces [application/json]}: There is already 'stockTradeRestController' bean method
com.hackerrank.stocktrades.controller.StockTradeRestController#getStockTrades(String, Integer) mapped.

testGetTradeRecordWithId  Time elapsed: 0 s  <<< ERROR!
java.lang.IllegalStateException: Failed to load ApplicationContext
Caused by: org.springframework.beans.factory.BeanCreationException: 
Error creating bean with name 'requestMappingHandlerMapping' defined in class path resource [org/springframework/boot/autoconfigure/web/servlet/WebMvcAutoConfiguration$EnableWebMvcConfiguration.class]: Invocation of init method failed; nested exception is java.lang.IllegalStateException: Ambiguous mapping. Cannot map 'stockTradeRestController' method 
com.hackerrank.stocktrades.controller.StockTradeRestController#getStockTradeById(Integer)
to {GET /trades, produces [application/json]}: There is already 'stockTradeRestController' bean method
com.hackerrank.stocktrades.controller.StockTradeRestController#getStockTrades(String, Integer) mapped.
Caused by: java.lang.IllegalStateException: 
Ambiguous mapping. Cannot map 'stockTradeRestController' method 
com.hackerrank.stocktrades.controller.StockTradeRestController#getStockTradeById(Integer)
to {GET /trades, produces [application/json]}: There is already 'stockTradeRestController' bean method
com.hackerrank.stocktrades.controller.StockTradeRestController#getStockTrades(String, Integer) mapped.

testTradeCreationWithValidData  Time elapsed: 0 s  <<< ERROR!
java.lang.IllegalStateException: Failed to load ApplicationContext
Caused by: org.springframework.beans.factory.BeanCreationException: 
Error creating bean with name 'requestMappingHandlerMapping' defined in class path resource [org/springframework/boot/autoconfigure/web/servlet/WebMvcAutoConfiguration$EnableWebMvcConfiguration.class]: Invocation of init method failed; nested exception is java.lang.IllegalStateException: Ambiguous mapping. Cannot map 'stockTradeRestController' method 
com.hackerrank.stocktrades.controller.StockTradeRestController#getStockTradeById(Integer)
to {GET /trades, produces [application/json]}: There is already 'stockTradeRestController' bean method
com.hackerrank.stocktrades.controller.StockTradeRestController#getStockTrades(String, Integer) mapped.
Caused by: java.lang.IllegalStateException: 
Ambiguous mapping. Cannot map 'stockTradeRestController' method 
com.hackerrank.stocktrades.controller.StockTradeRestController#getStockTradeById(Integer)
to {GET /trades, produces [application/json]}: There is already 'stockTradeRestController' bean method
com.hackerrank.stocktrades.controller.StockTradeRestController#getStockTrades(String, Integer) mapped.

testGetTrades  Time elapsed: 0 s  <<< ERROR!
java.lang.IllegalStateException: Failed to load ApplicationContext
Caused by: org.springframework.beans.factory.BeanCreationException: 
Error creating bean with name 'requestMappingHandlerMapping' defined in class path resource [org/springframework/boot/autoconfigure/web/servlet/WebMvcAutoConfiguration$EnableWebMvcConfiguration.class]: Invocation of init method failed; nested exception is java.lang.IllegalStateException: Ambiguous mapping. Cannot map 'stockTradeRestController' method 
com.hackerrank.stocktrades.controller.StockTradeRestController#getStockTradeById(Integer)
to {GET /trades, produces [application/json]}: There is already 'stockTradeRestController' bean method
com.hackerrank.stocktrades.controller.StockTradeRestController#getStockTrades(String, Integer) mapped.
Caused by: java.lang.IllegalStateException: 
Ambiguous mapping. Cannot map 'stockTradeRestController' method 
com.hackerrank.stocktrades.controller.StockTradeRestController#getStockTradeById(Integer)
to {GET /trades, produces [application/json]}: There is already 'stockTradeRestController' bean method
com.hackerrank.stocktrades.controller.StockTradeRestController#getStockTrades(String, Integer) mapped.

